#! /usr/local/bin/vvp
:ivl_version "13.0 (devel)" "(s20221226-518-g94d9d1951)";
:ivl_delay_selection "TYPICAL";
:vpi_time_precision + 0;
:vpi_module "/usr/local/lib/ivl/system.vpi";
:vpi_module "/usr/local/lib/ivl/vhdl_sys.vpi";
:vpi_module "/usr/local/lib/ivl/vhdl_textio.vpi";
:vpi_module "/usr/local/lib/ivl/v2005_math.vpi";
:vpi_module "/usr/local/lib/ivl/va_math.vpi";
S_0x556961ba5650 .scope module, "tb_UART_tx" "tb_UART_tx" 2 1;
 .timescale 0 0;
v0x556961bce5b0_0 .var "byte_ready", 0 0;
v0x556961bce6c0_0 .var "clk", 0 0;
v0x556961bce780_0 .var "data_bus", 7 0;
v0x556961bce870_0 .var "load_tx_datareg", 0 0;
v0x556961bce960_0 .var "rst_b", 0 0;
v0x556961bcea50_0 .var "t_byte", 0 0;
S_0x556961ba57e0 .scope module, "uut" "UART_TX" 2 7, 3 1 0, S_0x556961ba5650;
 .timescale 0 0;
    .port_info 0 /INPUT 8 "data_bus";
    .port_info 1 /INPUT 1 "load_tx_datareg";
    .port_info 2 /INPUT 1 "byte_ready";
    .port_info 3 /INPUT 1 "t_byte";
    .port_info 4 /INPUT 1 "rst_b";
    .port_info 5 /INPUT 1 "clk";
    .port_info 6 /OUTPUT 1 "serial_out";
P_0x556961ba59c0 .param/l "word_size" 0 3 1, +C4<00000000000000000000000000001000>;
v0x556961bcdad0_0 .net "bc_lt_bcmax", 0 0, L_0x556961bded30;  1 drivers
v0x556961bcdb90_0 .net "byte_ready", 0 0, v0x556961bce5b0_0;  1 drivers
v0x556961bcdc50_0 .net "clear", 0 0, v0x556961b93e50_0;  1 drivers
v0x556961bcdd70_0 .net "clk", 0 0, v0x556961bce6c0_0;  1 drivers
v0x556961bcde60_0 .net "data_bus", 7 0, v0x556961bce780_0;  1 drivers
v0x556961bcdf50_0 .net "load_tx_DR", 0 0, v0x556961bcbe70_0;  1 drivers
v0x556961bce040_0 .net "load_tx_SHFTREG", 0 0, v0x556961bcbf80_0;  1 drivers
v0x556961bce130_0 .net "load_tx_datareg", 0 0, v0x556961bce870_0;  1 drivers
v0x556961bce1d0_0 .net "rst_b", 0 0, v0x556961bce960_0;  1 drivers
v0x556961bce270_0 .net "serial_out", 0 0, L_0x556961bceb40;  1 drivers
v0x556961bce310_0 .net "shift", 0 0, v0x556961bcc2a0_0;  1 drivers
v0x556961bce400_0 .net "start", 0 0, v0x556961bcc360_0;  1 drivers
v0x556961bce4f0_0 .net "t_byte", 0 0, v0x556961bcea50_0;  1 drivers
S_0x556961babb00 .scope module, "tx_cu" "control_unit" 3 13, 3 41 0, S_0x556961ba57e0;
 .timescale 0 0;
    .port_info 0 /INPUT 1 "load_tx_datareg";
    .port_info 1 /INPUT 1 "byte_ready";
    .port_info 2 /INPUT 1 "t_byte";
    .port_info 3 /INPUT 1 "rst_b";
    .port_info 4 /INPUT 1 "clk";
    .port_info 5 /INPUT 1 "bc_lt_bcmax";
    .port_info 6 /OUTPUT 1 "load_tx_DR";
    .port_info 7 /OUTPUT 1 "load_tx_SHFTREG";
    .port_info 8 /OUTPUT 1 "start";
    .port_info 9 /OUTPUT 1 "shift";
    .port_info 10 /OUTPUT 1 "clear";
P_0x556961babce0 .param/l "all_ones" 0 3 49, C4<111111111>;
P_0x556961babd20 .param/l "idle" 0 3 46, C4<001>;
P_0x556961babd60 .param/l "one_hot_count" 0 3 42, +C4<00000000000000000000000000000011>;
P_0x556961babda0 .param/l "sending" 0 3 48, C4<100>;
P_0x556961babde0 .param/l "size_bit_count" 0 3 44, +C4<00000000000000000000000000000011>;
P_0x556961babe20 .param/l "state_count" 0 3 43, +C4<00000000000000000000000000000011>;
P_0x556961babe60 .param/l "waiting" 0 3 47, C4<010>;
v0x556961ba5c10_0 .net "bc_lt_bcmax", 0 0, L_0x556961bded30;  alias, 1 drivers
v0x556961bac230_0 .net "byte_ready", 0 0, v0x556961bce5b0_0;  alias, 1 drivers
v0x556961b93e50_0 .var "clear", 0 0;
v0x556961b93ef0_0 .net "clk", 0 0, v0x556961bce6c0_0;  alias, 1 drivers
v0x556961bcbe70_0 .var "load_tx_DR", 0 0;
v0x556961bcbf80_0 .var "load_tx_SHFTREG", 0 0;
v0x556961bcc040_0 .net "load_tx_datareg", 0 0, v0x556961bce870_0;  alias, 1 drivers
v0x556961bcc100_0 .var "next_state", 2 0;
v0x556961bcc1e0_0 .net "rst_b", 0 0, v0x556961bce960_0;  alias, 1 drivers
v0x556961bcc2a0_0 .var "shift", 0 0;
v0x556961bcc360_0 .var "start", 0 0;
v0x556961bcc420_0 .var "state", 2 0;
v0x556961bcc500_0 .net "t_byte", 0 0, v0x556961bcea50_0;  alias, 1 drivers
E_0x556961b9b1d0/0 .event negedge, v0x556961bcc1e0_0;
E_0x556961b9b1d0/1 .event posedge, v0x556961b93ef0_0;
E_0x556961b9b1d0 .event/or E_0x556961b9b1d0/0, E_0x556961b9b1d0/1;
E_0x556961b9b920/0 .event anyedge, v0x556961ba5c10_0, v0x556961bcc500_0, v0x556961bac230_0, v0x556961bcc040_0;
E_0x556961b9b920/1 .event anyedge, v0x556961bcc420_0;
E_0x556961b9b920 .event/or E_0x556961b9b920/0, E_0x556961b9b920/1;
S_0x556961b9dc30 .scope begin, "OUTPUT_AND_NEXT_STATE" "OUTPUT_AND_NEXT_STATE" 3 64, 3 64 0, S_0x556961babb00;
 .timescale 0 0;
S_0x556961b96720 .scope begin, "STATE_TRANSITIONS" "STATE_TRANSITIONS" 3 101, 3 101 0, S_0x556961babb00;
 .timescale 0 0;
S_0x556961bcc720 .scope module, "tx_du" "datapath_unit" 3 26, 3 111 0, S_0x556961ba57e0;
 .timescale 0 0;
    .port_info 0 /INPUT 1 "load_tx_DR";
    .port_info 1 /INPUT 1 "load_tx_SHFTREG";
    .port_info 2 /INPUT 1 "start";
    .port_info 3 /INPUT 1 "shift";
    .port_info 4 /INPUT 1 "clear";
    .port_info 5 /INPUT 1 "clk";
    .port_info 6 /INPUT 1 "rst_b";
    .port_info 7 /INPUT 8 "data_bus";
    .port_info 8 /OUTPUT 1 "serial_out";
    .port_info 9 /OUTPUT 1 "bc_lt_bcmax";
P_0x556961b63510 .param/l "all_ones" 0 3 114, C4<111111111>;
P_0x556961b63550 .param/l "size_bit_count" 0 3 113, +C4<00000000000000000000000000000011>;
P_0x556961b63590 .param/l "word_size" 0 3 112, +C4<00000000000000000000000000001000>;
v0x556961bccd10_0 .net *"_ivl_2", 31 0, L_0x556961bcec30;  1 drivers
L_0x7f390377c018 .functor BUFT 1, C4<0000000000000000000000000000>, C4<0>, C4<0>, C4<0>;
v0x556961bcce10_0 .net *"_ivl_5", 27 0, L_0x7f390377c018;  1 drivers
L_0x7f390377c060 .functor BUFT 1, C4<00000000000000000000000000001001>, C4<0>, C4<0>, C4<0>;
v0x556961bccef0_0 .net/2u *"_ivl_6", 31 0, L_0x7f390377c060;  1 drivers
v0x556961bccfb0_0 .net "bc_lt_bcmax", 0 0, L_0x556961bded30;  alias, 1 drivers
v0x556961bcd050_0 .var "bit_count", 3 0;
v0x556961bcd160_0 .net "clear", 0 0, v0x556961b93e50_0;  alias, 1 drivers
v0x556961bcd200_0 .net "clk", 0 0, v0x556961bce6c0_0;  alias, 1 drivers
v0x556961bcd2a0_0 .net "data_bus", 7 0, v0x556961bce780_0;  alias, 1 drivers
v0x556961bcd340_0 .net "load_tx_DR", 0 0, v0x556961bcbe70_0;  alias, 1 drivers
v0x556961bcd410_0 .net "load_tx_SHFTREG", 0 0, v0x556961bcbf80_0;  alias, 1 drivers
v0x556961bcd4e0_0 .net "rst_b", 0 0, v0x556961bce960_0;  alias, 1 drivers
v0x556961bcd5b0_0 .net "serial_out", 0 0, L_0x556961bceb40;  alias, 1 drivers
v0x556961bcd650_0 .net "shift", 0 0, v0x556961bcc2a0_0;  alias, 1 drivers
v0x556961bcd720_0 .net "start", 0 0, v0x556961bcc360_0;  alias, 1 drivers
v0x556961bcd7f0_0 .var "tx_datareg", 7 0;
v0x556961bcd890_0 .var "tx_shftreg", 8 0;
L_0x556961bceb40 .part v0x556961bcd890_0, 0, 1;
L_0x556961bcec30 .concat [ 4 28 0 0], v0x556961bcd050_0, L_0x7f390377c018;
L_0x556961bded30 .cmp/gt 32, L_0x7f390377c060, L_0x556961bcec30;
S_0x556961bccb10 .scope begin, "REGISTER_TRANSFERS" "REGISTER_TRANSFERS" 3 142, 3 142 0, S_0x556961bcc720;
 .timescale 0 0;
    .scope S_0x556961babb00;
T_0 ;
    %wait E_0x556961b9b920;
    %fork t_1, S_0x556961b9dc30;
    %jmp t_0;
    .scope S_0x556961b9dc30;
t_1 ;
    %pushi/vec4 0, 0, 1;
    %store/vec4 v0x556961bcbe70_0, 0, 1;
    %pushi/vec4 0, 0, 1;
    %store/vec4 v0x556961bcbf80_0, 0, 1;
    %pushi/vec4 0, 0, 1;
    %store/vec4 v0x556961bcc360_0, 0, 1;
    %pushi/vec4 0, 0, 1;
    %store/vec4 v0x556961bcc2a0_0, 0, 1;
    %pushi/vec4 0, 0, 1;
    %store/vec4 v0x556961b93e50_0, 0, 1;
    %pushi/vec4 1, 0, 3;
    %store/vec4 v0x556961bcc100_0, 0, 3;
    %load/vec4 v0x556961bcc420_0;
    %dup/vec4;
    %pushi/vec4 1, 0, 3;
    %cmp/u;
    %jmp/1 T_0.0, 6;
    %dup/vec4;
    %pushi/vec4 2, 0, 3;
    %cmp/u;
    %jmp/1 T_0.1, 6;
    %dup/vec4;
    %pushi/vec4 4, 0, 3;
    %cmp/u;
    %jmp/1 T_0.2, 6;
    %pushi/vec4 1, 0, 3;
    %store/vec4 v0x556961bcc100_0, 0, 3;
    %jmp T_0.4;
T_0.0 ;
    %load/vec4 v0x556961bcc040_0;
    %cmpi/e 1, 0, 1;
    %jmp/0xz  T_0.5, 4;
    %pushi/vec4 1, 0, 1;
    %store/vec4 v0x556961bcbe70_0, 0, 1;
    %pushi/vec4 1, 0, 3;
    %store/vec4 v0x556961bcc100_0, 0, 3;
    %jmp T_0.6;
T_0.5 ;
    %load/vec4 v0x556961bac230_0;
    %cmpi/e 1, 0, 1;
    %jmp/0xz  T_0.7, 4;
    %pushi/vec4 1, 0, 1;
    %store/vec4 v0x556961bcbf80_0, 0, 1;
    %pushi/vec4 2, 0, 3;
    %store/vec4 v0x556961bcc100_0, 0, 3;
T_0.7 ;
T_0.6 ;
    %jmp T_0.4;
T_0.1 ;
    %load/vec4 v0x556961bcc500_0;
    %pad/u 32;
    %cmpi/e 1, 0, 32;
    %jmp/0xz  T_0.9, 4;
    %pushi/vec4 1, 0, 1;
    %store/vec4 v0x556961bcc360_0, 0, 1;
    %pushi/vec4 4, 0, 3;
    %store/vec4 v0x556961bcc100_0, 0, 3;
    %jmp T_0.10;
T_0.9 ;
    %pushi/vec4 2, 0, 3;
    %store/vec4 v0x556961bcc100_0, 0, 3;
T_0.10 ;
    %jmp T_0.4;
T_0.2 ;
    %load/vec4 v0x556961ba5c10_0;
    %flag_set/vec4 8;
    %jmp/0xz  T_0.11, 8;
    %pushi/vec4 1, 0, 1;
    %store/vec4 v0x556961bcc2a0_0, 0, 1;
    %pushi/vec4 4, 0, 3;
    %store/vec4 v0x556961bcc100_0, 0, 3;
    %jmp T_0.12;
T_0.11 ;
    %pushi/vec4 1, 0, 1;
    %store/vec4 v0x556961b93e50_0, 0, 1;
    %pushi/vec4 1, 0, 3;
    %store/vec4 v0x556961bcc100_0, 0, 3;
T_0.12 ;
    %jmp T_0.4;
T_0.4 ;
    %pop/vec4 1;
    %end;
    .scope S_0x556961babb00;
t_0 %join;
    %jmp T_0;
    .thread T_0, $push;
    .scope S_0x556961babb00;
T_1 ;
    %wait E_0x556961b9b1d0;
    %fork t_3, S_0x556961b96720;
    %jmp t_2;
    .scope S_0x556961b96720;
t_3 ;
    %load/vec4 v0x556961bcc1e0_0;
    %cmpi/e 0, 0, 1;
    %jmp/0xz  T_1.0, 4;
    %pushi/vec4 1, 0, 3;
    %assign/vec4 v0x556961bcc420_0, 0;
    %jmp T_1.1;
T_1.0 ;
    %load/vec4 v0x556961bcc100_0;
    %assign/vec4 v0x556961bcc420_0, 0;
T_1.1 ;
    %end;
    .scope S_0x556961babb00;
t_2 %join;
    %jmp T_1;
    .thread T_1;
    .scope S_0x556961bcc720;
T_2 ;
    %wait E_0x556961b9b1d0;
    %load/vec4 v0x556961bcd4e0_0;
    %pad/u 32;
    %cmpi/e 0, 0, 32;
    %jmp/0xz  T_2.0, 4;
    %pushi/vec4 511, 0, 9;
    %assign/vec4 v0x556961bcd890_0, 0;
    %pushi/vec4 0, 0, 4;
    %assign/vec4 v0x556961bcd050_0, 0;
    %jmp T_2.1;
T_2.0 ;
    %fork t_5, S_0x556961bccb10;
    %jmp t_4;
    .scope S_0x556961bccb10;
t_5 ;
    %load/vec4 v0x556961bcd340_0;
    %cmpi/e 1, 0, 1;
    %jmp/0xz  T_2.2, 4;
    %load/vec4 v0x556961bcd2a0_0;
    %assign/vec4 v0x556961bcd7f0_0, 0;
T_2.2 ;
    %load/vec4 v0x556961bcd410_0;
    %cmpi/e 1, 0, 1;
    %jmp/0xz  T_2.4, 4;
    %load/vec4 v0x556961bcd7f0_0;
    %concati/vec4 1, 0, 1;
    %assign/vec4 v0x556961bcd890_0, 0;
T_2.4 ;
    %load/vec4 v0x556961bcd720_0;
    %cmpi/e 1, 0, 1;
    %jmp/0xz  T_2.6, 4;
    %pushi/vec4 0, 0, 1;
    %ix/load 4, 0, 0;
    %ix/load 5, 0, 0;
    %flag_set/imm 4, 0;
    %assign/vec4/off/d v0x556961bcd890_0, 4, 5;
T_2.6 ;
    %load/vec4 v0x556961bcd160_0;
    %cmpi/e 1, 0, 1;
    %jmp/0xz  T_2.8, 4;
    %pushi/vec4 0, 0, 4;
    %assign/vec4 v0x556961bcd050_0, 0;
T_2.8 ;
    %load/vec4 v0x556961bcd650_0;
    %cmpi/e 1, 0, 1;
    %jmp/0xz  T_2.10, 4;
    %pushi/vec4 1, 0, 1;
    %load/vec4 v0x556961bcd890_0;
    %parti/s 8, 1, 2;
    %concat/vec4; draw_concat_vec4
    %assign/vec4 v0x556961bcd890_0, 0;
    %load/vec4 v0x556961bcd050_0;
    %addi 1, 0, 4;
    %assign/vec4 v0x556961bcd050_0, 0;
T_2.10 ;
    %end;
    .scope S_0x556961bcc720;
t_4 %join;
T_2.1 ;
    %jmp T_2;
    .thread T_2;
    .scope S_0x556961ba5650;
T_3 ;
    %delay 5, 0;
    %load/vec4 v0x556961bce6c0_0;
    %inv;
    %store/vec4 v0x556961bce6c0_0, 0, 1;
    %jmp T_3;
    .thread T_3;
    .scope S_0x556961ba5650;
T_4 ;
    %vpi_call 2 18 "$dumpfile", "signal_dump.vcd" {0 0 0};
    %vpi_call 2 19 "$dumpvars", 32'sb00000000000000000000000000000000, S_0x556961ba5650 {0 0 0};
    %end;
    .thread T_4;
    .scope S_0x556961ba5650;
T_5 ;
    %pushi/vec4 0, 0, 1;
    %store/vec4 v0x556961bce6c0_0, 0, 1;
    %delay 5, 0;
    %pushi/vec4 0, 0, 1;
    %store/vec4 v0x556961bce960_0, 0, 1;
    %pushi/vec4 167, 0, 8;
    %store/vec4 v0x556961bce780_0, 0, 8;
    %delay 5, 0;
    %pushi/vec4 1, 0, 1;
    %store/vec4 v0x556961bce960_0, 0, 1;
    %pushi/vec4 0, 0, 1;
    %store/vec4 v0x556961bce870_0, 0, 1;
    %delay 10, 0;
    %pushi/vec4 1, 0, 1;
    %store/vec4 v0x556961bce870_0, 0, 1;
    %delay 10, 0;
    %pushi/vec4 0, 0, 1;
    %store/vec4 v0x556961bce870_0, 0, 1;
    %delay 10, 0;
    %pushi/vec4 1, 0, 1;
    %store/vec4 v0x556961bce5b0_0, 0, 1;
    %delay 10, 0;
    %pushi/vec4 0, 0, 1;
    %store/vec4 v0x556961bce5b0_0, 0, 1;
    %delay 30, 0;
    %pushi/vec4 1, 0, 1;
    %store/vec4 v0x556961bcea50_0, 0, 1;
    %delay 5, 0;
    %pushi/vec4 26, 0, 8;
    %store/vec4 v0x556961bce780_0, 0, 8;
    %delay 5, 0;
    %pushi/vec4 0, 0, 1;
    %store/vec4 v0x556961bcea50_0, 0, 1;
    %pushi/vec4 1, 0, 1;
    %store/vec4 v0x556961bce870_0, 0, 1;
    %delay 10, 0;
    %pushi/vec4 0, 0, 1;
    %store/vec4 v0x556961bce870_0, 0, 1;
    %delay 20, 0;
    %pushi/vec4 1, 0, 1;
    %store/vec4 v0x556961bce870_0, 0, 1;
    %delay 5, 0;
    %pushi/vec4 180, 0, 8;
    %store/vec4 v0x556961bce780_0, 0, 8;
    %delay 5, 0;
    %pushi/vec4 0, 0, 1;
    %store/vec4 v0x556961bce870_0, 0, 1;
    %delay 80, 0;
    %vpi_call 2 40 "$finish" {0 0 0};
    %end;
    .thread T_5;
# The file index is used to find the file name in the following table.
:file_names 4;
    "N/A";
    "<interactive>";
    "tb_TX.v";
    "UART_TX.v";
